<component name="libraryTable">
  <library name="junit4-4.8.2">
    <CLASSES>
      <root url="jar://$USER_HOME$/Downloads/Java/jar files/junit4-4.8.2.jar!/" />
    </CLASSES>
    <JAVADOC />
    <SOURCES />
  </library>
</component>